<?xml version="1.0" encoding="UTF-8"?>
<testsuite name="study.first.FirstApplicationTests" tests="2" skipped="0" failures="0" errors="0" timestamp="2023-05-13T06:00:55" hostname="172.20.nate.com" time="0.388">
  <properties/>
  <testcase name="arrayTest()" classname="study.first.FirstApplicationTests" time="0.379"/>
  <testcase name="hpTest()" classname="study.first.FirstApplicationTests" time="0.005"/>
  <system-out><![CDATA[15:00:51.948 [Test worker] DEBUG org.springframework.test.context.BootstrapUtils - Instantiating CacheAwareContextLoaderDelegate from class [org.springframework.test.context.cache.DefaultCacheAwareContextLoaderDelegate]
15:00:51.958 [Test worker] DEBUG org.springframework.test.context.BootstrapUtils - Instantiating BootstrapContext using constructor [public org.springframework.test.context.support.DefaultBootstrapContext(java.lang.Class,org.springframework.test.context.CacheAwareContextLoaderDelegate)]
15:00:52.004 [Test worker] DEBUG org.springframework.test.context.BootstrapUtils - Instantiating TestContextBootstrapper for test class [study.first.FirstApplicationTests] from class [org.springframework.boot.test.context.SpringBootTestContextBootstrapper]
15:00:52.016 [Test worker] INFO org.springframework.boot.test.context.SpringBootTestContextBootstrapper - Neither @ContextConfiguration nor @ContextHierarchy found for test class [study.first.FirstApplicationTests], using SpringBootContextLoader
15:00:52.021 [Test worker] DEBUG org.springframework.test.context.support.AbstractContextLoader - Did not detect default resource location for test class [study.first.FirstApplicationTests]: class path resource [study/first/FirstApplicationTests-context.xml] does not exist
15:00:52.023 [Test worker] DEBUG org.springframework.test.context.support.AbstractContextLoader - Did not detect default resource location for test class [study.first.FirstApplicationTests]: class path resource [study/first/FirstApplicationTestsContext.groovy] does not exist
15:00:52.024 [Test worker] INFO org.springframework.test.context.support.AbstractContextLoader - Could not detect default resource locations for test class [study.first.FirstApplicationTests]: no resource found for suffixes {-context.xml, Context.groovy}.
15:00:52.024 [Test worker] INFO org.springframework.test.context.support.AnnotationConfigContextLoaderUtils - Could not detect default configuration classes for test class [study.first.FirstApplicationTests]: FirstApplicationTests does not declare any static, non-private, non-final, nested classes annotated with @Configuration.
15:00:52.074 [Test worker] DEBUG org.springframework.test.context.support.ActiveProfilesUtils - Could not find an 'annotation declaring class' for annotation type [org.springframework.test.context.ActiveProfiles] and class [study.first.FirstApplicationTests]
15:00:52.198 [Test worker] DEBUG org.springframework.context.annotation.ClassPathScanningCandidateComponentProvider - Identified candidate component class: file [/Users/zunbee/code/study/first/build/classes/java/main/study/first/FirstApplication.class]
15:00:52.201 [Test worker] INFO org.springframework.boot.test.context.SpringBootTestContextBootstrapper - Found @SpringBootConfiguration study.first.FirstApplication for test class study.first.FirstApplicationTests
15:00:52.351 [Test worker] DEBUG org.springframework.boot.test.context.SpringBootTestContextBootstrapper - @TestExecutionListeners is not present for class [study.first.FirstApplicationTests]: using defaults.
15:00:52.353 [Test worker] INFO org.springframework.boot.test.context.SpringBootTestContextBootstrapper - Loaded default TestExecutionListener class names from location [META-INF/spring.factories]: [org.springframework.boot.test.autoconfigure.restdocs.RestDocsTestExecutionListener, org.springframework.boot.test.autoconfigure.web.client.MockRestServiceServerResetTestExecutionListener, org.springframework.boot.test.autoconfigure.web.servlet.MockMvcPrintOnlyOnFailureTestExecutionListener, org.springframework.boot.test.autoconfigure.web.servlet.WebDriverTestExecutionListener, org.springframework.boot.test.autoconfigure.webservices.client.MockWebServiceServerTestExecutionListener, org.springframework.boot.test.mock.mockito.MockitoTestExecutionListener, org.springframework.boot.test.mock.mockito.ResetMocksTestExecutionListener, org.springframework.test.context.web.ServletTestExecutionListener, org.springframework.test.context.support.DirtiesContextBeforeModesTestExecutionListener, org.springframework.test.context.event.ApplicationEventsTestExecutionListener, org.springframework.test.context.support.DependencyInjectionTestExecutionListener, org.springframework.test.context.support.DirtiesContextTestExecutionListener, org.springframework.test.context.transaction.TransactionalTestExecutionListener, org.springframework.test.context.jdbc.SqlScriptsTestExecutionListener, org.springframework.test.context.event.EventPublishingTestExecutionListener]
15:00:52.368 [Test worker] DEBUG org.springframework.boot.test.context.SpringBootTestContextBootstrapper - Skipping candidate TestExecutionListener [org.springframework.test.context.transaction.TransactionalTestExecutionListener] due to a missing dependency. Specify custom listener classes or make the default listener classes and their required dependencies available. Offending class: [org/springframework/transaction/TransactionDefinition]
15:00:52.369 [Test worker] DEBUG org.springframework.boot.test.context.SpringBootTestContextBootstrapper - Skipping candidate TestExecutionListener [org.springframework.test.context.jdbc.SqlScriptsTestExecutionListener] due to a missing dependency. Specify custom listener classes or make the default listener classes and their required dependencies available. Offending class: [org/springframework/transaction/interceptor/TransactionAttribute]
15:00:52.369 [Test worker] INFO org.springframework.boot.test.context.SpringBootTestContextBootstrapper - Using TestExecutionListeners: [org.springframework.test.context.web.ServletTestExecutionListener@5c77053b, org.springframework.test.context.support.DirtiesContextBeforeModesTestExecutionListener@26b894bd, org.springframework.test.context.event.ApplicationEventsTestExecutionListener@287f94b1, org.springframework.boot.test.mock.mockito.MockitoTestExecutionListener@30b34287, org.springframework.boot.test.autoconfigure.SpringBootDependencyInjectionTestExecutionListener@5489c777, org.springframework.test.context.support.DirtiesContextTestExecutionListener@3676ac27, org.springframework.test.context.event.EventPublishingTestExecutionListener@62f87c44, org.springframework.boot.test.autoconfigure.restdocs.RestDocsTestExecutionListener@48f5bde6, org.springframework.boot.test.autoconfigure.web.client.MockRestServiceServerResetTestExecutionListener@525d79f0, org.springframework.boot.test.autoconfigure.web.servlet.MockMvcPrintOnlyOnFailureTestExecutionListener@5149f008, org.springframework.boot.test.autoconfigure.web.servlet.WebDriverTestExecutionListener@7072bc39, org.springframework.boot.test.autoconfigure.webservices.client.MockWebServiceServerTestExecutionListener@158d255c, org.springframework.boot.test.mock.mockito.ResetMocksTestExecutionListener@2ca65ce4]
15:00:52.373 [Test worker] DEBUG org.springframework.test.context.support.AbstractDirtiesContextTestExecutionListener - Before test class: context [DefaultTestContext@173b9122 testClass = FirstApplicationTests, testInstance = [null], testMethod = [null], testException = [null], mergedContextConfiguration = [WebMergedContextConfiguration@7c18432b testClass = FirstApplicationTests, locations = '{}', classes = '{class study.first.FirstApplication}', contextInitializerClasses = '[]', activeProfiles = '{}', propertySourceLocations = '{}', propertySourceProperties = '{org.springframework.boot.test.context.SpringBootTestContextBootstrapper=true}', contextCustomizers = set[org.springframework.boot.test.autoconfigure.actuate.metrics.MetricsExportContextCustomizerFactory$DisableMetricExportContextCustomizer@32811494, org.springframework.boot.test.autoconfigure.properties.PropertyMappingContextCustomizer@0, org.springframework.boot.test.autoconfigure.web.servlet.WebDriverContextCustomizerFactory$Customizer@1d0d6318, org.springframework.boot.test.context.filter.ExcludeFilterContextCustomizer@758a34ce, org.springframework.boot.test.json.DuplicateJsonObjectContextCustomizerFactory$DuplicateJsonObjectContextCustomizer@5644dc81, org.springframework.boot.test.mock.mockito.MockitoContextCustomizer@0, org.springframework.boot.test.web.client.TestRestTemplateContextCustomizer@3b2c0e88, org.springframework.boot.test.context.SpringBootTestArgs@1, org.springframework.boot.test.context.SpringBootTestWebEnvironment@415b0b49], resourceBasePath = 'src/main/webapp', contextLoader = 'org.springframework.boot.test.context.SpringBootContextLoader', parent = [null]], attributes = map['org.springframework.test.context.web.ServletTestExecutionListener.activateListener' -> true]], class annotated with @DirtiesContext [false] with mode [null].

  .   ____          _            __ _ _
 /\\ / ___'_ __ _ _(_)_ __  __ _ \ \ \ \
( ( )\___ | '_ | '_| | '_ \/ _` | \ \ \ \
 \\/  ___)| |_)| | | | | || (_| |  ) ) ) )
  '  |____| .__|_| |_|_| |_\__, | / / / /
 =========|_|==============|___/=/_/_/_/
 :: Spring Boot ::               (v2.7.11)

2023-05-13 15:00:53.002  INFO 35708 --- [    Test worker] study.first.FirstApplicationTests        : Starting FirstApplicationTests using Java 11.0.19 on 172.20.nate.com with PID 35708 (started by zunbee in /Users/zunbee/code/study/first)
2023-05-13 15:00:53.005  INFO 35708 --- [    Test worker] study.first.FirstApplicationTests        : No active profile set, falling back to 1 default profile: "default"
2023-05-13 15:00:55.327  INFO 35708 --- [    Test worker] study.first.FirstApplicationTests        : Started FirstApplicationTests in 2.889 seconds (JVM running for 4.621)
[choi, dog, kim]
01022126825
01022126825
]]></system-out>
  <system-err><![CDATA[]]></system-err>
</testsuite>
